
POST /api/auth/register 14-02-2024_05:35:51
POST /api/auth/register 14-02-2024_05:35:55
POST /api/auth/register 14-02-2024_05:36:02
POST /api/auth/register 14-02-2024_05:37:21
POST /api/auth/signup 14-02-2024_05:37:34
POST /api/auth/signup 14-02-2024_05:38:42
POST /api/auth/signup 14-02-2024_05:38:56
POST /api/auth/signup 14-02-2024_05:39:14
POST /api/auth/signup 14-02-2024_05:41:21
POST /api/auth/signup 14-02-2024_05:41:59
POST /api/auth/signup 14-02-2024_05:42:23
POST /api/auth/signup 14-02-2024_05:43:30
POST /api/auth/signup 14-02-2024_05:44:11
POST /api/auth/signup 14-02-2024_05:45:23
POST /api/auth/signup 14-02-2024_05:45:48
POST /api/auth/signup 14-02-2024_05:46:50
POST /api/auth/signup 14-02-2024_05:48:07
POST /api/auth/signup 14-02-2024_05:48:08
POST /api/auth/signup 14-02-2024_05:49:04
POST /api/auth/signup 14-02-2024_05:50:11
POST /api/auth/signup 14-02-2024_05:51:39
POST /api/auth/signup 14-02-2024_05:52:56
POST /api/auth/signup 14-02-2024_05:53:11
POST /api/auth/signup 14-02-2024_05:54:02
POST /api/auth/signup 14-02-2024_06:03:38
POST /api/auth/signup 14-02-2024_06:23:04
POST /api/auth/signup 14-02-2024_06:52:07
POST /api/auth/signin 14-02-2024_07:14:35
POST /api/auth/sigout 14-02-2024_07:51:58
POST /api/auth/signin 14-02-2024_08:10:42
POST /api/auth/signin 14-02-2024_08:10:48
POST /api/auth/signin 14-02-2024_08:11:11
POST /api/auth/signout 14-02-2024_08:14:18
POST /api/auth/signin 14-02-2024_08:14:28
POST /api/auth/signout 14-02-2024_08:14:53
POST /api/auth/signout 14-02-2024_08:14:55
POST /api/auth/signout 14-02-2024_08:15:44
POST /api/auth/signin 14-02-2024_08:28:56
POST /api/auth/signin 14-02-2024_08:28:58
POST /api/auth/signup 14-02-2024_08:29:08
POST /api/auth/signup 14-02-2024_08:29:15
POST /api/auth/signin 14-02-2024_08:29:41
POST /api/auth/signin 14-02-2024_08:29:47
POST /api/auth/signup 14-02-2024_08:31:54
POST /api/auth/signup 14-02-2024_08:32:18
POST /api/auth/signup 14-02-2024_08:32:26
POST /api/auth/signup 14-02-2024_08:32:36
POST /api/auth/signup 14-02-2024_08:32:58